{"/Users/alladushka/IITC/FAK project/server.js": {"path":"/Users/alladushka/IITC/FAK project/server.js","statementMap":{"0":{"start":{"line":1,"column":16},"end":{"line":1,"column":34}},"1":{"start":{"line":2,"column":14},"end":{"line":2,"column":30}},"2":{"start":{"line":3,"column":15},"end":{"line":3,"column":41}},"3":{"start":{"line":4,"column":12},"end":{"line":4,"column":21}},"4":{"start":{"line":5,"column":13},"end":{"line":5,"column":17}},"5":{"start":{"line":7,"column":0},"end":{"line":7,"column":24}},"6":{"start":{"line":10,"column":0},"end":{"line":17,"column":3}},"7":{"start":{"line":11,"column":2},"end":{"line":16,"column":3}},"8":{"start":{"line":12,"column":4},"end":{"line":12,"column":38}},"9":{"start":{"line":14,"column":4},"end":{"line":14,"column":33}},"10":{"start":{"line":15,"column":4},"end":{"line":15,"column":41}},"11":{"start":{"line":19,"column":0},"end":{"line":37,"column":3}},"12":{"start":{"line":20,"column":17},"end":{"line":20,"column":27}},"13":{"start":{"line":21,"column":2},"end":{"line":36,"column":3}},"14":{"start":{"line":22,"column":4},"end":{"line":33,"column":9}},"15":{"start":{"line":25,"column":8},"end":{"line":28,"column":9}},"16":{"start":{"line":26,"column":10},"end":{"line":26,"column":51}},"17":{"start":{"line":27,"column":10},"end":{"line":27,"column":17}},"18":{"start":{"line":29,"column":8},"end":{"line":29,"column":32}},"19":{"start":{"line":32,"column":8},"end":{"line":32,"column":48}},"20":{"start":{"line":35,"column":4},"end":{"line":35,"column":33}},"21":{"start":{"line":38,"column":0},"end":{"line":63,"column":3}},"22":{"start":{"line":39,"column":57},"end":{"line":39,"column":65}},"23":{"start":{"line":40,"column":2},"end":{"line":62,"column":3}},"24":{"start":{"line":41,"column":4},"end":{"line":44,"column":5}},"25":{"start":{"line":42,"column":6},"end":{"line":42,"column":53}},"26":{"start":{"line":43,"column":6},"end":{"line":43,"column":13}},"27":{"start":{"line":45,"column":17},"end":{"line":51,"column":5}},"28":{"start":{"line":52,"column":4},"end":{"line":59,"column":9}},"29":{"start":{"line":55,"column":8},"end":{"line":55,"column":32}},"30":{"start":{"line":58,"column":8},"end":{"line":58,"column":48}},"31":{"start":{"line":61,"column":4},"end":{"line":61,"column":33}},"32":{"start":{"line":66,"column":0},"end":{"line":68,"column":3}},"33":{"start":{"line":67,"column":2},"end":{"line":67,"column":63}},"34":{"start":{"line":70,"column":0},"end":{"line":70,"column":21}}},"fnMap":{"0":{"name":"(anonymous_0)","decl":{"start":{"line":10,"column":17},"end":{"line":10,"column":18}},"loc":{"start":{"line":10,"column":37},"end":{"line":17,"column":1}},"line":10},"1":{"name":"(anonymous_1)","decl":{"start":{"line":19,"column":32},"end":{"line":19,"column":33}},"loc":{"start":{"line":19,"column":46},"end":{"line":37,"column":1}},"line":19},"2":{"name":"(anonymous_2)","decl":{"start":{"line":24,"column":12},"end":{"line":24,"column":13}},"loc":{"start":{"line":24,"column":26},"end":{"line":30,"column":7}},"line":24},"3":{"name":"(anonymous_3)","decl":{"start":{"line":31,"column":13},"end":{"line":31,"column":14}},"loc":{"start":{"line":31,"column":22},"end":{"line":33,"column":7}},"line":31},"4":{"name":"(anonymous_4)","decl":{"start":{"line":38,"column":29},"end":{"line":38,"column":30}},"loc":{"start":{"line":38,"column":43},"end":{"line":63,"column":1}},"line":38},"5":{"name":"(anonymous_5)","decl":{"start":{"line":54,"column":12},"end":{"line":54,"column":13}},"loc":{"start":{"line":54,"column":26},"end":{"line":56,"column":7}},"line":54},"6":{"name":"(anonymous_6)","decl":{"start":{"line":57,"column":13},"end":{"line":57,"column":14}},"loc":{"start":{"line":57,"column":22},"end":{"line":59,"column":7}},"line":57},"7":{"name":"(anonymous_7)","decl":{"start":{"line":66,"column":17},"end":{"line":66,"column":18}},"loc":{"start":{"line":66,"column":23},"end":{"line":68,"column":1}},"line":66}},"branchMap":{"0":{"loc":{"start":{"line":25,"column":8},"end":{"line":28,"column":9}},"type":"if","locations":[{"start":{"line":25,"column":8},"end":{"line":28,"column":9}},{"start":{},"end":{}}],"line":25},"1":{"loc":{"start":{"line":41,"column":4},"end":{"line":44,"column":5}},"type":"if","locations":[{"start":{"line":41,"column":4},"end":{"line":44,"column":5}},{"start":{},"end":{}}],"line":41},"2":{"loc":{"start":{"line":41,"column":8},"end":{"line":41,"column":63}},"type":"binary-expr","locations":[{"start":{"line":41,"column":8},"end":{"line":41,"column":14}},{"start":{"line":41,"column":18},"end":{"line":41,"column":24}},{"start":{"line":41,"column":28},"end":{"line":41,"column":40}},{"start":{"line":41,"column":44},"end":{"line":41,"column":50}},{"start":{"line":41,"column":54},"end":{"line":41,"column":63}}],"line":41}},"s":{"0":1,"1":1,"2":1,"3":1,"4":1,"5":1,"6":1,"7":0,"8":0,"9":0,"10":0,"11":1,"12":3,"13":3,"14":3,"15":3,"16":2,"17":2,"18":1,"19":0,"20":0,"21":1,"22":3,"23":3,"24":3,"25":2,"26":2,"27":1,"28":1,"29":1,"30":0,"31":0,"32":1,"33":1,"34":1},"f":{"0":0,"1":3,"2":3,"3":0,"4":3,"5":1,"6":0,"7":1},"b":{"0":[2,1],"1":[2,1],"2":[3,1,1,1,1]},"_coverageSchema":"1a1c01bbd47fc00a2c39e90264f33305004495a9","hash":"58fce2a97a721b8ae1a9218c323f01ecc1c89905"}
}
