TN:
SF:server.js
FN:10,(anonymous_0)
FN:19,(anonymous_1)
FN:24,(anonymous_2)
FN:31,(anonymous_3)
FN:38,(anonymous_4)
FN:54,(anonymous_5)
FN:57,(anonymous_6)
FN:66,(anonymous_7)
FNF:8
FNH:5
FNDA:0,(anonymous_0)
FNDA:3,(anonymous_1)
FNDA:3,(anonymous_2)
FNDA:0,(anonymous_3)
FNDA:3,(anonymous_4)
FNDA:1,(anonymous_5)
FNDA:0,(anonymous_6)
FNDA:1,(anonymous_7)
DA:1,1
DA:2,1
DA:3,1
DA:4,1
DA:5,1
DA:7,1
DA:10,1
DA:11,0
DA:12,0
DA:14,0
DA:15,0
DA:19,1
DA:20,3
DA:21,3
DA:22,3
DA:25,3
DA:26,2
DA:27,2
DA:29,1
DA:32,0
DA:35,0
DA:38,1
DA:39,3
DA:40,3
DA:41,3
DA:42,2
DA:43,2
DA:45,1
DA:52,1
DA:55,1
DA:58,0
DA:61,0
DA:66,1
DA:67,1
DA:70,1
LF:35
LH:27
BRDA:25,0,0,2
BRDA:25,0,1,1
BRDA:41,1,0,2
BRDA:41,1,1,1
BRDA:41,2,0,3
BRDA:41,2,1,1
BRDA:41,2,2,1
BRDA:41,2,3,1
BRDA:41,2,4,1
BRF:9
BRH:9
end_of_record
