<?xml version="1.0" encoding="UTF-8"?>
<coverage generated="1725517341499" clover="3.2.0">
  <project timestamp="1725517341499" name="All files">
    <metrics statements="32" coveredstatements="24" conditionals="0" coveredconditionals="0" methods="7" coveredmethods="6" elements="39" coveredelements="30" complexity="0" loc="32" ncloc="32" packages="1" files="1" classes="1"/>
    <file name="server.js" path="/Users/alladushka/IITC/Project_SQL/server.js">
      <metrics statements="32" coveredstatements="24" conditionals="0" coveredconditionals="0" methods="7" coveredmethods="6"/>
      <line num="1" count="1" type="stmt"/>
      <line num="2" count="1" type="stmt"/>
      <line num="3" count="1" type="stmt"/>
      <line num="4" count="1" type="stmt"/>
      <line num="5" count="1" type="stmt"/>
      <line num="6" count="1" type="stmt"/>
      <line num="9" count="1" type="stmt"/>
      <line num="163" count="1" type="stmt"/>
      <line num="164" count="0" type="stmt"/>
      <line num="165" count="0" type="stmt"/>
      <line num="167" count="0" type="stmt"/>
      <line num="168" count="0" type="stmt"/>
      <line num="172" count="1" type="stmt"/>
      <line num="173" count="2" type="stmt"/>
      <line num="174" count="2" type="stmt"/>
      <line num="176" count="0" type="stmt"/>
      <line num="177" count="0" type="stmt"/>
      <line num="181" count="1" type="stmt"/>
      <line num="182" count="1" type="stmt"/>
      <line num="185" count="1" type="stmt"/>
      <line num="186" count="1" type="stmt"/>
      <line num="189" count="1" type="stmt"/>
      <line num="190" count="2" type="stmt"/>
      <line num="193" count="1" type="stmt"/>
      <line num="194" count="1" type="stmt"/>
      <line num="195" count="1" type="stmt"/>
      <line num="196" count="1" type="stmt"/>
      <line num="198" count="0" type="stmt"/>
      <line num="199" count="0" type="stmt"/>
      <line num="204" count="1" type="stmt"/>
      <line num="205" count="1" type="stmt"/>
      <line num="207" count="1" type="stmt"/>
    </file>
  </project>
</coverage>
