{"/Users/alladushka/IITC/Project_SQL/server.js": {"path":"/Users/alladushka/IITC/Project_SQL/server.js","statementMap":{"0":{"start":{"line":1,"column":16},"end":{"line":1,"column":34}},"1":{"start":{"line":2,"column":12},"end":{"line":2,"column":28}},"2":{"start":{"line":3,"column":0},"end":{"line":3,"column":27}},"3":{"start":{"line":4,"column":12},"end":{"line":4,"column":21}},"4":{"start":{"line":5,"column":13},"end":{"line":5,"column":17}},"5":{"start":{"line":6,"column":0},"end":{"line":6,"column":24}},"6":{"start":{"line":9,"column":17},"end":{"line":24,"column":1}},"7":{"start":{"line":163,"column":0},"end":{"line":170,"column":3}},"8":{"start":{"line":164,"column":2},"end":{"line":169,"column":3}},"9":{"start":{"line":165,"column":4},"end":{"line":165,"column":31}},"10":{"start":{"line":167,"column":4},"end":{"line":167,"column":36}},"11":{"start":{"line":168,"column":4},"end":{"line":168,"column":41}},"12":{"start":{"line":172,"column":0},"end":{"line":179,"column":3}},"13":{"start":{"line":173,"column":2},"end":{"line":178,"column":3}},"14":{"start":{"line":174,"column":4},"end":{"line":174,"column":37}},"15":{"start":{"line":176,"column":4},"end":{"line":176,"column":36}},"16":{"start":{"line":177,"column":4},"end":{"line":177,"column":41}},"17":{"start":{"line":181,"column":0},"end":{"line":183,"column":2}},"18":{"start":{"line":182,"column":2},"end":{"line":182,"column":19}},"19":{"start":{"line":185,"column":0},"end":{"line":187,"column":2}},"20":{"start":{"line":186,"column":2},"end":{"line":186,"column":15}},"21":{"start":{"line":189,"column":0},"end":{"line":191,"column":2}},"22":{"start":{"line":190,"column":2},"end":{"line":190,"column":24}},"23":{"start":{"line":193,"column":0},"end":{"line":201,"column":3}},"24":{"start":{"line":194,"column":13},"end":{"line":194,"column":24}},"25":{"start":{"line":195,"column":2},"end":{"line":200,"column":3}},"26":{"start":{"line":196,"column":4},"end":{"line":196,"column":25}},"27":{"start":{"line":198,"column":4},"end":{"line":198,"column":36}},"28":{"start":{"line":199,"column":4},"end":{"line":199,"column":41}},"29":{"start":{"line":204,"column":0},"end":{"line":206,"column":3}},"30":{"start":{"line":205,"column":2},"end":{"line":205,"column":63}},"31":{"start":{"line":207,"column":0},"end":{"line":207,"column":21}}},"fnMap":{"0":{"name":"(anonymous_0)","decl":{"start":{"line":163,"column":21},"end":{"line":163,"column":22}},"loc":{"start":{"line":163,"column":41},"end":{"line":170,"column":1}},"line":163},"1":{"name":"(anonymous_1)","decl":{"start":{"line":172,"column":17},"end":{"line":172,"column":18}},"loc":{"start":{"line":172,"column":37},"end":{"line":179,"column":1}},"line":172},"2":{"name":"(anonymous_2)","decl":{"start":{"line":181,"column":10},"end":{"line":181,"column":11}},"loc":{"start":{"line":181,"column":22},"end":{"line":183,"column":1}},"line":181},"3":{"name":"(anonymous_3)","decl":{"start":{"line":185,"column":10},"end":{"line":185,"column":11}},"loc":{"start":{"line":185,"column":20},"end":{"line":187,"column":1}},"line":185},"4":{"name":"(anonymous_4)","decl":{"start":{"line":189,"column":17},"end":{"line":189,"column":18}},"loc":{"start":{"line":189,"column":26},"end":{"line":191,"column":1}},"line":189},"5":{"name":"(anonymous_5)","decl":{"start":{"line":193,"column":18},"end":{"line":193,"column":19}},"loc":{"start":{"line":193,"column":32},"end":{"line":201,"column":1}},"line":193},"6":{"name":"(anonymous_6)","decl":{"start":{"line":204,"column":17},"end":{"line":204,"column":18}},"loc":{"start":{"line":204,"column":23},"end":{"line":206,"column":1}},"line":204}},"branchMap":{},"s":{"0":1,"1":1,"2":1,"3":1,"4":1,"5":1,"6":1,"7":1,"8":0,"9":0,"10":0,"11":0,"12":1,"13":2,"14":2,"15":0,"16":0,"17":1,"18":1,"19":1,"20":1,"21":1,"22":2,"23":1,"24":1,"25":1,"26":1,"27":0,"28":0,"29":1,"30":1,"31":1},"f":{"0":0,"1":2,"2":1,"3":1,"4":2,"5":1,"6":1},"b":{},"_coverageSchema":"1a1c01bbd47fc00a2c39e90264f33305004495a9","hash":"7fcd25d9b7e42d31603cf90de2306927f79cc977"}
}
