TN:
SF:server.js
FN:163,(anonymous_0)
FN:172,(anonymous_1)
FN:181,(anonymous_2)
FN:185,(anonymous_3)
FN:189,(anonymous_4)
FN:193,(anonymous_5)
FN:204,(anonymous_6)
FNF:7
FNH:6
FNDA:0,(anonymous_0)
FNDA:2,(anonymous_1)
FNDA:1,(anonymous_2)
FNDA:1,(anonymous_3)
FNDA:2,(anonymous_4)
FNDA:1,(anonymous_5)
FNDA:1,(anonymous_6)
DA:1,1
DA:2,1
DA:3,1
DA:4,1
DA:5,1
DA:6,1
DA:9,1
DA:163,1
DA:164,0
DA:165,0
DA:167,0
DA:168,0
DA:172,1
DA:173,2
DA:174,2
DA:176,0
DA:177,0
DA:181,1
DA:182,1
DA:185,1
DA:186,1
DA:189,1
DA:190,2
DA:193,1
DA:194,1
DA:195,1
DA:196,1
DA:198,0
DA:199,0
DA:204,1
DA:205,1
DA:207,1
LF:32
LH:24
BRF:0
BRH:0
end_of_record
